SF:lib\project_layers\api_layer\data_source\login_data_source_impl.dart
DA:14,1
DA:16,1
DA:21,2
DA:22,1
DA:23,1
DA:24,1
DA:27,1
DA:28,2
DA:30,1
DA:33,1
DA:34,0
DA:35,1
DA:40,1
DA:41,2
DA:42,1
DA:43,2
DA:45,1
DA:46,1
LF:18
LH:17
end_of_record
SF:lib\project_layers\api_layer\api_client\api_client.g.dart
DA:12,0
DA:13,0
DA:22,0
DA:24,0
DA:25,0
DA:26,0
DA:28,0
DA:29,0
DA:30,0
DA:31,0
DA:36,0
DA:38,0
DA:41,0
DA:43,0
DA:49,0
DA:51,0
DA:52,0
DA:53,0
DA:54,0
DA:56,0
DA:57,0
DA:58,0
DA:59,0
DA:64,0
DA:66,0
DA:69,0
DA:71,0
DA:77,0
DA:79,0
DA:80,0
DA:81,0
DA:83,0
DA:84,0
DA:85,0
DA:86,0
DA:91,0
DA:93,0
DA:96,0
DA:98,0
DA:101,0
DA:105,0
DA:107,0
DA:108,0
DA:109,0
DA:111,0
DA:112,0
DA:113,0
DA:114,0
DA:119,0
DA:121,0
DA:124,0
DA:126,0
DA:129,0
DA:133,0
DA:135,0
DA:136,0
DA:137,0
DA:139,0
DA:140,0
DA:141,0
DA:142,0
DA:147,0
DA:149,0
DA:152,0
DA:154,0
DA:157,0
DA:161,0
DA:163,0
DA:164,0
DA:165,0
DA:167,0
DA:168,0
DA:169,0
DA:170,0
DA:175,0
DA:177,0
DA:180,0
DA:182,0
DA:185,0
DA:189,0
DA:191,0
DA:192,0
DA:193,0
DA:194,0
DA:195,0
DA:196,0
DA:197,0
DA:198,0
DA:199,0
DA:204,0
DA:206,0
DA:209,0
DA:211,0
DA:217,0
DA:219,0
DA:220,0
DA:221,0
DA:222,0
DA:223,0
DA:224,0
DA:225,0
DA:226,0
DA:227,0
DA:232,0
DA:234,0
DA:237,0
DA:239,0
DA:245,0
DA:249,0
DA:250,0
DA:251,0
DA:252,0
DA:253,0
DA:254,0
DA:255,0
DA:256,0
DA:257,0
DA:262,0
DA:264,0
DA:267,0
DA:269,0
DA:272,0
DA:276,0
DA:280,0
DA:281,0
DA:282,0
DA:283,0
DA:284,0
DA:285,0
DA:286,0
DA:287,0
DA:288,0
DA:293,0
DA:295,0
DA:298,0
DA:300,0
DA:303,0
DA:307,0
DA:311,0
DA:312,0
DA:313,0
DA:314,0
DA:315,0
DA:316,0
DA:317,0
DA:318,0
DA:319,0
DA:324,0
DA:326,0
DA:329,0
DA:331,0
DA:334,0
DA:338,0
DA:340,0
DA:341,0
DA:342,0
DA:344,0
DA:345,0
DA:346,0
DA:347,0
DA:352,0
DA:354,0
DA:357,0
DA:359,0
DA:365,0
DA:370,0
DA:371,0
DA:372,0
DA:373,0
DA:374,0
DA:376,0
DA:377,0
DA:378,0
DA:379,0
DA:384,0
DA:386,0
DA:389,0
DA:391,0
DA:397,0
DA:399,0
DA:400,0
DA:401,0
DA:403,0
DA:404,0
DA:405,0
DA:406,0
DA:411,0
DA:413,0
DA:416,0
DA:418,0
DA:424,0
DA:428,0
DA:429,0
DA:430,0
DA:431,0
DA:432,0
DA:433,0
DA:434,0
DA:435,0
DA:436,0
DA:441,0
DA:443,0
DA:446,0
DA:448,0
DA:454,0
DA:458,0
DA:459,0
DA:460,0
DA:461,0
DA:462,0
DA:463,0
DA:464,0
DA:465,0
DA:466,0
DA:471,0
DA:473,0
DA:476,0
DA:478,0
DA:484,0
DA:486,0
DA:487,0
DA:488,0
DA:489,0
DA:490,0
DA:491,0
DA:493,0
DA:494,0
DA:495,0
DA:499,0
DA:500,0
DA:506,0
DA:507,0
DA:512,0
DA:514,0
DA:517,0
DA:519,0
DA:525,0
DA:527,0
DA:528,0
DA:529,0
DA:531,0
DA:532,0
DA:533,0
DA:534,0
DA:539,0
DA:541,0
DA:544,0
DA:546,0
DA:552,0
DA:554,0
DA:555,0
DA:556,0
DA:558,0
DA:559,0
DA:560,0
DA:561,0
DA:566,0
DA:568,0
DA:571,0
DA:573,0
DA:579,0
DA:581,0
DA:582,0
DA:583,0
DA:584,0
DA:585,0
DA:586,0
DA:587,0
DA:588,0
DA:589,0
DA:594,0
DA:596,0
DA:599,0
DA:601,0
DA:607,0
DA:609,0
DA:610,0
DA:611,0
DA:613,0
DA:614,0
DA:615,0
DA:616,0
DA:621,0
DA:623,0
DA:626,0
DA:628,0
DA:634,0
DA:639,0
DA:640,0
DA:641,0
DA:642,0
DA:643,0
DA:644,0
DA:645,0
DA:646,0
DA:647,0
DA:648,0
DA:653,0
DA:655,0
DA:658,0
DA:660,0
DA:663,0
DA:667,0
DA:669,0
DA:670,0
DA:671,0
DA:672,0
DA:674,0
DA:675,0
DA:676,0
DA:677,0
DA:682,0
DA:684,0
DA:687,0
DA:689,0
DA:692,0
DA:696,0
DA:701,0
DA:702,0
DA:703,0
DA:704,0
DA:706,0
DA:707,0
DA:708,0
DA:709,0
DA:710,0
DA:714,0
DA:716,0
DA:719,0
DA:721,0
DA:724,0
DA:728,0
DA:730,0
DA:731,0
DA:732,0
DA:734,0
DA:735,0
DA:736,0
DA:737,0
DA:742,0
DA:744,0
DA:747,0
DA:749,0
DA:755,0
DA:759,0
DA:760,0
DA:761,0
DA:762,0
DA:763,0
DA:764,0
DA:765,0
DA:766,0
DA:767,0
DA:772,0
DA:774,0
DA:777,0
DA:779,0
DA:785,0
DA:789,0
DA:790,0
DA:791,0
DA:792,0
DA:793,0
DA:794,0
DA:795,0
DA:796,0
DA:797,0
DA:802,0
DA:804,0
DA:807,0
DA:809,0
DA:815,0
DA:816,0
DA:817,0
DA:818,0
DA:819,0
DA:820,0
DA:822,0
DA:828,0
DA:829,0
DA:833,0
DA:835,0
DA:836,0
DA:839,0
LF:384
LH:0
end_of_record
SF:lib\project_layers\api_layer\models\request\login_request.dart
DA:12,3
DA:17,0
DA:18,0
DA:21,0
DA:22,0
LF:5
LH:1
end_of_record
SF:lib\project_layers\api_layer\models\request\login_request.g.dart
DA:9,0
DA:10,0
DA:11,0
DA:14,0
DA:15,0
LF:5
LH:0
end_of_record
SF:lib\project_layers\api_layer\models\response\login_response.dart
DA:14,3
DA:20,0
DA:21,0
DA:24,0
DA:25,0
DA:54,0
DA:68,0
DA:69,0
DA:72,0
DA:73,0
LF:10
LH:1
end_of_record
SF:lib\project_layers\api_layer\models\response\login_response.g.dart
DA:9,0
DA:10,0
DA:11,0
DA:12,0
DA:14,0
DA:15,0
DA:18,0
DA:19,0
DA:20,0
DA:21,0
DA:22,0
DA:25,0
DA:26,0
DA:27,0
DA:28,0
DA:29,0
DA:30,0
DA:31,0
DA:32,0
DA:33,0
DA:34,0
DA:35,0
DA:36,0
DA:39,0
DA:40,0
DA:41,0
DA:42,0
DA:43,0
DA:44,0
DA:45,0
DA:46,0
DA:47,0
DA:48,0
DA:49,0
DA:50,0
LF:35
LH:0
end_of_record
SF:lib\core\errors\failures.dart
DA:3,3
DA:7,3
DA:11,3
DA:15,3
LF:4
LH:4
end_of_record
SF:lib\project_layers\api_layer\models\categories_response.dart
DA:12,1
DA:18,0
DA:20,0
DA:22,0
DA:23,0
DA:33,0
DA:40,0
DA:42,0
DA:44,0
DA:45,0
DA:60,1
DA:71,0
DA:73,0
DA:75,0
DA:76,0
DA:78,2
DA:79,1
DA:80,1
DA:81,1
DA:82,1
DA:83,1
DA:84,1
DA:85,1
DA:86,1
LF:24
LH:11
end_of_record
SF:lib\project_layers\api_layer\models\categories_response.g.dart
DA:9,0
DA:10,0
DA:11,0
DA:12,0
DA:14,0
DA:15,0
DA:16,0
DA:17,0
DA:20,0
DA:21,0
DA:22,0
DA:23,0
DA:24,0
DA:27,0
DA:28,0
DA:29,0
DA:30,0
DA:31,0
DA:34,0
DA:35,0
DA:36,0
DA:37,0
DA:38,0
DA:39,0
DA:42,0
DA:43,0
DA:44,0
DA:45,0
DA:46,0
DA:47,0
DA:48,0
DA:49,0
DA:50,0
DA:53,0
DA:54,0
DA:55,0
DA:56,0
DA:57,0
DA:58,0
DA:59,0
DA:60,0
DA:61,0
DA:62,0
LF:43
LH:0
end_of_record
SF:lib\project_layers\api_layer\models\get_all_notification_response_dto.dart
DA:16,0
DA:22,0
DA:25,0
DA:28,0
DA:29,0
LF:5
LH:0
end_of_record
SF:lib\project_layers\api_layer\models\get_all_notification_response_dto.g.dart
DA:9,0
DA:11,0
DA:12,0
DA:13,0
DA:15,0
DA:16,0
DA:17,0
DA:18,0
DA:21,0
DA:23,0
DA:24,0
DA:25,0
DA:26,0
LF:13
LH:0
end_of_record
SF:lib\project_layers\api_layer\models\request\add_address_request_dto.dart
DA:10,0
DA:11,0
DA:12,0
DA:13,0
DA:14,0
DA:15,0
DA:16,0
DA:17,0
DA:18,0
DA:22,0
DA:23,0
DA:24,0
DA:25,0
DA:26,0
DA:27,0
DA:28,0
DA:29,0
DA:33,0
DA:34,0
DA:35,0
DA:36,0
DA:37,0
DA:38,0
DA:39,0
DA:40,0
DA:44,0
DA:47,0
DA:48,0
DA:49,0
DA:50,0
DA:51,0
DA:52,0
DA:53,0
DA:56,0
DA:58,0
DA:59,0
DA:60,0
DA:61,0
DA:62,0
DA:63,0
DA:64,0
DA:65,0
DA:68,0
DA:70,0
DA:71,0
DA:72,0
DA:73,0
DA:74,0
DA:75,0
DA:76,0
DA:77,0
DA:81,0
DA:82,0
DA:83,0
DA:84,0
DA:85,0
DA:86,0
DA:87,0
DA:88,0
LF:59
LH:0
end_of_record
SF:lib\project_layers\api_layer\models\request\change_password_request_body.dart
DA:10,0
DA:15,0
DA:17,0
DA:19,0
DA:20,0
LF:5
LH:0
end_of_record
SF:lib\project_layers\api_layer\models\request\change_password_request_body.g.dart
DA:9,0
DA:11,0
DA:12,0
DA:13,0
DA:16,0
DA:18,0
DA:19,0
DA:20,0
LF:8
LH:0
end_of_record
SF:lib\project_layers\api_layer\models\request\forget_password_request_dto.dart
DA:10,0
DA:14,0
DA:15,0
DA:18,0
DA:19,0
LF:5
LH:0
end_of_record
SF:lib\project_layers\api_layer\models\request\forget_password_request_dto.g.dart
DA:9,0
DA:11,0
DA:13,0
DA:15,0
LF:4
LH:0
end_of_record
SF:lib\project_layers\api_layer\models\request\reset_password_request_dto.dart
DA:12,0
DA:17,0
DA:18,0
DA:21,0
DA:22,0
LF:5
LH:0
end_of_record
SF:lib\project_layers\api_layer\models\request\reset_password_request_dto.g.dart
DA:9,0
DA:11,0
DA:12,0
DA:13,0
DA:16,0
DA:18,0
DA:19,0
DA:20,0
LF:8
LH:0
end_of_record
SF:lib\project_layers\api_layer\models\request\sign_up_request.dart
DA:22,4
DA:32,0
DA:33,0
LF:3
LH:1
end_of_record
SF:lib\project_layers\api_layer\models\request\sign_up_request.g.dart
DA:10,0
DA:11,0
DA:12,0
DA:13,0
DA:14,0
DA:15,0
DA:16,0
DA:17,0
DA:18,0
DA:21,0
DA:22,0
DA:23,0
DA:24,0
DA:25,0
DA:26,0
DA:27,0
DA:28,0
DA:29,0
LF:18
LH:0
end_of_record
SF:lib\project_layers\api_layer\models\request\update_profile_request_dto.dart
DA:17,0
DA:24,0
DA:27,0
DA:30,0
DA:31,0
DA:34,0
DA:37,0
DA:38,0
DA:39,0
DA:40,0
DA:41,0
DA:46,0
DA:49,0
DA:50,0
DA:51,0
DA:52,0
DA:53,0
LF:17
LH:0
end_of_record
SF:lib\project_layers\api_layer\models\request\update_profile_request_dto.g.dart
DA:9,0
DA:11,0
DA:12,0
DA:13,0
DA:14,0
DA:15,0
DA:18,0
DA:20,0
DA:21,0
DA:22,0
DA:23,0
DA:24,0
LF:12
LH:0
end_of_record
SF:lib\project_layers\api_layer\models\request\verify_reset_code_request_dto.dart
DA:9,0
DA:13,0
DA:14,0
DA:17,0
DA:18,0
LF:5
LH:0
end_of_record
SF:lib\project_layers\api_layer\models\request\verify_reset_code_request_dto.g.dart
DA:9,0
DA:11,0
DA:13,0
DA:15,0
LF:4
LH:0
end_of_record
SF:lib\project_layers\api_layer\models\response\address_response_dto.dart
DA:8,0
DA:13,0
DA:18,0
DA:19,0
DA:20,0
DA:21,0
DA:25,0
DA:26,0
DA:27,0
DA:28,0
DA:29,0
DA:30,0
DA:32,0
DA:33,0
DA:34,0
DA:35,0
DA:37,0
DA:41,0
DA:44,0
DA:45,0
DA:47,0
DA:48,0
DA:50,0
DA:51,0
DA:52,0
DA:56,0
DA:58,0
DA:60,0
DA:61,0
DA:62,0
DA:66,0
DA:70,0
DA:73,0
DA:74,0
DA:75,0
DA:76,0
DA:79,0
DA:81,0
DA:82,0
DA:83,0
DA:84,0
DA:85,0
DA:88,0
DA:90,0
DA:91,0
DA:92,0
DA:93,0
DA:94,0
DA:98,0
DA:99,0
DA:100,0
DA:101,0
DA:102,0
DA:103,0
DA:104,0
DA:105,0
DA:106,0
DA:119,0
DA:128,0
DA:137,0
DA:138,0
DA:139,0
DA:140,0
DA:141,0
DA:142,0
DA:143,0
DA:144,0
DA:148,0
DA:149,0
DA:150,0
DA:151,0
DA:152,0
DA:153,0
DA:154,0
DA:155,0
DA:156,0
DA:160,0
DA:161,0
DA:162,0
DA:164,0
DA:165,0
DA:167,0
DA:168,0
DA:170,0
DA:171,0
DA:173,0
DA:174,0
DA:176,0
DA:177,0
DA:179,0
DA:180,0
DA:182,0
DA:186,0
DA:189,0
DA:190,0
DA:191,0
DA:192,0
DA:193,0
DA:194,0
DA:195,0
DA:196,0
DA:199,0
DA:201,0
DA:202,0
DA:203,0
DA:204,0
DA:205,0
DA:206,0
DA:207,0
DA:208,0
DA:209,0
DA:212,0
DA:214,0
DA:215,0
DA:216,0
DA:217,0
DA:218,0
DA:219,0
DA:220,0
DA:221,0
DA:222,0
DA:226,0
DA:227,0
DA:228,0
DA:229,0
DA:230,0
DA:231,0
DA:232,0
DA:233,0
DA:234,0
LF:130
LH:0
end_of_record
SF:lib\project_layers\api_layer\models\response\best_seller_response.dart
DA:12,0
DA:14,0
DA:15,0
DA:18,0
DA:19,0
DA:62,0
DA:83,0
DA:84,0
DA:87,0
DA:88,0
LF:10
LH:0
end_of_record
SF:lib\project_layers\api_layer\models\response\best_seller_response.g.dart
DA:9,0
DA:10,0
DA:11,0
DA:12,0
DA:13,0
DA:14,0
DA:17,0
DA:18,0
DA:19,0
DA:20,0
DA:23,0
DA:24,0
DA:25,0
DA:26,0
DA:27,0
DA:28,0
DA:29,0
DA:30,0
DA:31,0
DA:32,0
DA:33,0
DA:34,0
DA:35,0
DA:36,0
DA:37,0
DA:38,0
DA:39,0
DA:40,0
DA:41,0
DA:44,0
DA:45,0
DA:46,0
DA:47,0
DA:48,0
DA:49,0
DA:50,0
DA:51,0
DA:52,0
DA:53,0
DA:54,0
DA:55,0
DA:56,0
DA:57,0
DA:58,0
DA:59,0
DA:60,0
DA:61,0
DA:62,0
DA:63,0
LF:49
LH:0
end_of_record
SF:lib\project_layers\api_layer\models\response\best_seller_response_dto.dart
DA:4,0
DA:6,0
DA:7,0
DA:8,0
DA:9,0
DA:10,0
DA:11,0
DA:15,0
DA:16,0
DA:17,0
DA:18,0
DA:19,0
DA:20,0
DA:21,0
DA:28,0
DA:49,0
DA:50,0
DA:51,0
DA:52,0
DA:53,0
DA:54,0
DA:55,0
DA:56,0
DA:57,0
DA:58,0
DA:59,0
DA:60,0
DA:61,0
DA:62,0
DA:63,0
DA:64,0
DA:65,0
DA:66,0
DA:67,0
DA:68,0
DA:70,0
DA:72,0
DA:73,0
DA:74,0
DA:75,0
DA:76,0
DA:77,0
DA:78,0
DA:79,0
DA:80,0
DA:81,0
DA:82,0
DA:83,0
DA:84,0
DA:85,0
DA:86,0
DA:87,0
DA:88,0
DA:89,0
DA:90,0
DA:91,0
LF:56
LH:0
end_of_record
SF:lib\project_layers\api_layer\models\response\cart_response_dto.dart
DA:15,0
DA:21,0
DA:22,0
DA:25,0
DA:26,0
DA:29,0
DA:30,0
DA:31,0
DA:32,0
DA:33,0
DA:55,0
DA:65,0
DA:66,0
DA:69,0
DA:70,0
DA:73,0
DA:74,0
DA:75,0
DA:76,0
DA:77,0
DA:78,0
DA:79,0
DA:80,0
DA:81,0
DA:98,0
DA:105,0
DA:106,0
DA:109,0
DA:110,0
DA:114,0
DA:115,0
DA:116,0
DA:117,0
DA:118,0
DA:119,0
LF:35
LH:0
end_of_record
SF:lib\project_layers\api_layer\models\response\cart_response_dto.g.dart
DA:9,0
DA:10,0
DA:11,0
DA:12,0
DA:13,0
DA:15,0
DA:18,0
DA:19,0
DA:20,0
DA:21,0
DA:22,0
DA:25,0
DA:26,0
DA:27,0
DA:28,0
DA:29,0
DA:30,0
DA:31,0
DA:32,0
DA:33,0
DA:34,0
DA:37,0
DA:38,0
DA:39,0
DA:40,0
DA:41,0
DA:42,0
DA:43,0
DA:44,0
DA:47,0
DA:48,0
DA:50,0
DA:51,0
DA:52,0
DA:53,0
DA:56,0
DA:57,0
DA:58,0
DA:59,0
DA:60,0
DA:61,0
LF:41
LH:0
end_of_record
SF:lib\project_layers\api_layer\models\response\category_response_dto.dart
DA:4,0
DA:6,0
DA:7,0
DA:8,0
DA:9,0
DA:11,0
DA:12,0
DA:13,0
DA:14,0
DA:19,0
DA:20,0
DA:21,0
DA:22,0
DA:23,0
DA:25,0
DA:26,0
DA:33,0
DA:44,0
DA:45,0
DA:46,0
DA:47,0
DA:48,0
DA:49,0
DA:50,0
DA:51,0
DA:52,0
DA:55,0
DA:56,0
DA:57,0
DA:58,0
DA:59,0
DA:60,0
DA:61,0
DA:62,0
DA:63,0
DA:64,0
DA:70,0
DA:72,0
DA:73,0
DA:74,0
DA:75,0
DA:76,0
DA:78,0
DA:79,0
DA:80,0
DA:81,0
DA:82,0
DA:83,0
LF:48
LH:0
end_of_record
SF:lib\project_layers\api_layer\models\response\change_password_response_dto.dart
DA:11,0
DA:13,0
DA:15,0
DA:17,0
DA:18,0
DA:19,0
DA:20,0
DA:21,0
DA:22,0
LF:9
LH:0
end_of_record
SF:lib\project_layers\api_layer\models\response\change_password_response_dto.g.dart
DA:9,0
DA:11,0
DA:12,0
DA:13,0
DA:16,0
DA:18,0
LF:6
LH:0
end_of_record
SF:lib\project_layers\api_layer\models\response\forget_password_response_dto.dart
DA:13,0
DA:18,0
DA:19,0
DA:22,0
DA:23,0
DA:26,0
DA:27,0
DA:28,0
DA:29,0
LF:9
LH:0
end_of_record
SF:lib\project_layers\api_layer\models\response\forget_password_response_dto.g.dart
DA:9,0
DA:11,0
DA:12,0
DA:13,0
DA:16,0
DA:18,0
LF:6
LH:0
end_of_record
SF:lib\project_layers\api_layer\models\response\get_logged_user_data_response_dto.dart
DA:12,0
DA:14,0
DA:16,0
DA:18,0
DA:19,0
DA:35,0
DA:47,0
DA:49,0
DA:51,0
DA:52,0
DA:54,0
DA:55,0
DA:56,0
DA:57,0
DA:58,0
DA:59,0
DA:60,0
DA:61,0
DA:62,0
DA:63,0
DA:64,0
LF:21
LH:0
end_of_record
SF:lib\project_layers\api_layer\models\response\get_logged_user_data_response_dto.g.dart
DA:9,0
DA:12,0
DA:13,0
DA:14,0
DA:16,0
DA:17,0
DA:20,0
DA:21,0
DA:22,0
DA:23,0
DA:24,0
DA:25,0
DA:26,0
DA:27,0
DA:28,0
DA:30,0
DA:32,0
DA:33,0
DA:34,0
DA:35,0
DA:36,0
DA:37,0
DA:38,0
DA:39,0
DA:40,0
DA:41,0
DA:42,0
DA:43,0
DA:46,0
DA:48,0
DA:49,0
DA:50,0
DA:51,0
DA:52,0
DA:53,0
DA:54,0
DA:55,0
DA:56,0
DA:57,0
DA:60,0
DA:62,0
DA:63,0
DA:64,0
DA:65,0
DA:66,0
DA:67,0
DA:68,0
DA:69,0
DA:70,0
DA:71,0
LF:50
LH:0
end_of_record
SF:lib\project_layers\api_layer\models\response\occasion_response_dto.dart
DA:4,0
DA:6,0
DA:7,0
DA:9,0
DA:10,0
DA:11,0
DA:12,0
DA:16,0
DA:17,0
DA:18,0
DA:20,0
DA:21,0
DA:22,0
DA:23,0
DA:30,0
DA:41,0
DA:42,0
DA:43,0
DA:44,0
DA:45,0
DA:46,0
DA:47,0
DA:48,0
DA:49,0
DA:52,0
DA:53,0
DA:54,0
DA:55,0
DA:56,0
DA:57,0
DA:58,0
DA:59,0
DA:60,0
DA:61,0
LF:34
LH:0
end_of_record
SF:lib\project_layers\api_layer\models\response\order_response.dart
DA:14,0
DA:20,0
DA:23,0
DA:26,0
DA:27,0
DA:42,0
DA:49,0
DA:50,0
DA:53,0
DA:54,0
DA:83,0
DA:97,0
DA:98,0
DA:101,0
DA:102,0
DA:117,0
DA:124,0
DA:125,0
DA:128,0
DA:129,0
DA:172,0
DA:193,0
DA:194,0
DA:197,0
DA:198,0
LF:25
LH:0
end_of_record
SF:lib\project_layers\api_layer\models\response\order_response.g.dart
DA:9,0
DA:10,0
DA:11,0
DA:12,0
DA:14,0
DA:15,0
DA:16,0
DA:17,0
DA:20,0
DA:21,0
DA:22,0
DA:23,0
DA:24,0
DA:27,0
DA:28,0
DA:29,0
DA:30,0
DA:31,0
DA:34,0
DA:35,0
DA:36,0
DA:37,0
DA:38,0
DA:41,0
DA:42,0
DA:43,0
DA:44,0
DA:45,0
DA:46,0
DA:47,0
DA:48,0
DA:49,0
DA:50,0
DA:51,0
DA:52,0
DA:53,0
DA:54,0
DA:57,0
DA:58,0
DA:59,0
DA:60,0
DA:61,0
DA:62,0
DA:63,0
DA:64,0
DA:65,0
DA:66,0
DA:67,0
DA:68,0
DA:71,0
DA:72,0
DA:74,0
DA:75,0
DA:76,0
DA:77,0
DA:80,0
DA:81,0
DA:82,0
DA:83,0
DA:84,0
DA:85,0
DA:88,0
DA:89,0
DA:90,0
DA:91,0
DA:92,0
DA:93,0
DA:94,0
DA:95,0
DA:96,0
DA:97,0
DA:98,0
DA:99,0
DA:100,0
DA:101,0
DA:102,0
DA:103,0
DA:104,0
DA:105,0
DA:106,0
DA:109,0
DA:110,0
DA:111,0
DA:112,0
DA:113,0
DA:114,0
DA:115,0
DA:116,0
DA:117,0
DA:118,0
DA:119,0
DA:120,0
DA:121,0
DA:122,0
DA:123,0
DA:124,0
DA:125,0
DA:126,0
DA:127,0
LF:99
LH:0
end_of_record
SF:lib\project_layers\api_layer\models\response\reset_password_response_dto.dart
DA:13,0
DA:18,0
DA:19,0
DA:22,0
DA:23,0
DA:26,0
DA:27,0
DA:28,0
DA:29,0
LF:9
LH:0
end_of_record
SF:lib\project_layers\api_layer\models\response\reset_password_response_dto.g.dart
DA:9,0
DA:11,0
DA:12,0
DA:13,0
DA:16,0
DA:18,0
LF:6
LH:0
end_of_record
SF:lib\project_layers\api_layer\models\response\sign_up_response.dart
DA:17,1
DA:19,0
DA:20,0
DA:23,0
DA:24,0
DA:49,1
DA:61,0
DA:62,0
DA:65,0
DA:66,0
DA:69,0
DA:70,0
DA:71,0
DA:72,0
DA:73,0
DA:74,0
DA:75,0
DA:76,0
LF:18
LH:2
end_of_record
SF:lib\project_layers\api_layer\models\response\sign_up_response.g.dart
DA:9,0
DA:10,0
DA:11,0
DA:12,0
DA:14,0
DA:15,0
DA:16,0
DA:19,0
DA:20,0
DA:21,0
DA:22,0
DA:23,0
DA:24,0
DA:27,0
DA:28,0
DA:29,0
DA:30,0
DA:31,0
DA:32,0
DA:33,0
DA:34,0
DA:35,0
DA:36,0
DA:39,0
DA:40,0
DA:41,0
DA:42,0
DA:43,0
DA:44,0
DA:45,0
DA:46,0
DA:47,0
DA:48,0
LF:33
LH:0
end_of_record
SF:lib\project_layers\api_layer\models\response\update_photo_response_dto.dart
DA:4,0
DA:6,0
DA:7,0
DA:11,0
DA:12,0
DA:13,0
DA:17,0
DA:20,0
DA:21,0
DA:25,0
DA:26,0
LF:11
LH:0
end_of_record
SF:lib\project_layers\api_layer\models\response\update_profile_response_dto.dart
DA:15,0
DA:17,0
DA:20,0
DA:23,0
DA:24,0
DA:27,0
DA:30,0
DA:31,0
DA:32,0
DA:33,0
DA:34,0
DA:35,0
DA:36,0
DA:70,0
DA:85,0
DA:86,0
DA:89,0
DA:90,0
LF:18
LH:0
end_of_record
SF:lib\project_layers\api_layer\models\response\update_profile_response_dto.g.dart
DA:9,0
DA:11,0
DA:12,0
DA:13,0
DA:15,0
DA:18,0
DA:20,0
DA:22,0
DA:23,0
DA:24,0
DA:25,0
DA:26,0
DA:27,0
DA:28,0
DA:29,0
DA:30,0
DA:31,0
DA:32,0
DA:33,0
DA:34,0
DA:37,0
DA:38,0
DA:39,0
DA:40,0
DA:41,0
DA:42,0
DA:43,0
DA:44,0
DA:45,0
DA:46,0
DA:47,0
DA:48,0
DA:49,0
LF:33
LH:0
end_of_record
SF:lib\project_layers\api_layer\models\response\verify_reset_code_response.dart
DA:11,0
DA:15,0
DA:16,0
DA:19,0
DA:20,0
DA:23,0
DA:24,0
DA:25,0
LF:8
LH:0
end_of_record
SF:lib\project_layers\api_layer\models\response\verify_reset_code_response.g.dart
DA:9,0
DA:11,0
DA:13,0
DA:15,0
LF:4
LH:0
end_of_record
SF:lib\project_layers\data_layer\model\occasions_response.dart
DA:16,0
DA:22,0
DA:23,0
DA:26,0
DA:27,0
DA:42,0
DA:49,0
DA:50,0
DA:53,0
DA:54,0
DA:77,0
DA:88,0
DA:89,0
DA:92,0
DA:93,0
DA:96,0
DA:97,0
DA:98,0
DA:99,0
DA:100,0
DA:101,0
DA:102,0
DA:103,0
DA:104,0
LF:24
LH:0
end_of_record
SF:lib\project_layers\data_layer\model\occasions_response.g.dart
DA:9,0
DA:10,0
DA:11,0
DA:12,0
DA:14,0
DA:15,0
DA:16,0
DA:17,0
DA:20,0
DA:21,0
DA:22,0
DA:23,0
DA:24,0
DA:27,0
DA:28,0
DA:29,0
DA:30,0
DA:31,0
DA:34,0
DA:35,0
DA:36,0
DA:37,0
DA:38,0
DA:41,0
DA:42,0
DA:43,0
DA:44,0
DA:45,0
DA:46,0
DA:47,0
DA:48,0
DA:49,0
DA:52,0
DA:53,0
DA:54,0
DA:55,0
DA:56,0
DA:57,0
DA:58,0
DA:59,0
DA:60,0
LF:41
LH:0
end_of_record
SF:lib\project_layers\data_layer\model\products_response.dart
DA:12,0
DA:18,0
DA:20,0
DA:22,0
DA:23,0
DA:33,0
DA:40,0
DA:42,0
DA:44,0
DA:45,0
DA:71,0
DA:92,0
DA:94,0
DA:96,0
DA:97,0
DA:98,0
DA:99,0
DA:100,0
DA:101,0
DA:102,0
DA:103,0
DA:104,0
DA:105,0
DA:106,0
DA:107,0
DA:108,0
DA:109,0
DA:110,0
DA:111,0
DA:112,0
DA:113,0
DA:114,0
DA:115,0
DA:116,0
LF:34
LH:0
end_of_record
SF:lib\project_layers\data_layer\model\products_response.g.dart
DA:9,0
DA:10,0
DA:11,0
DA:12,0
DA:14,0
DA:15,0
DA:16,0
DA:17,0
DA:20,0
DA:21,0
DA:22,0
DA:23,0
DA:24,0
DA:27,0
DA:28,0
DA:29,0
DA:30,0
DA:31,0
DA:34,0
DA:35,0
DA:36,0
DA:37,0
DA:38,0
DA:39,0
DA:42,0
DA:43,0
DA:44,0
DA:45,0
DA:46,0
DA:47,0
DA:48,0
DA:49,0
DA:50,0
DA:51,0
DA:52,0
DA:53,0
DA:54,0
DA:55,0
DA:56,0
DA:57,0
DA:58,0
DA:59,0
DA:60,0
DA:63,0
DA:64,0
DA:65,0
DA:66,0
DA:67,0
DA:68,0
DA:69,0
DA:70,0
DA:71,0
DA:72,0
DA:73,0
DA:74,0
DA:75,0
DA:76,0
DA:77,0
DA:78,0
DA:79,0
DA:80,0
DA:81,0
DA:82,0
LF:63
LH:0
end_of_record
SF:lib\project_layers\presentaion_layer\checkout\data\model\get_user_addreses_respone\get_user_addreses_respone.dart
DA:7,0
DA:9,0
DA:10,0
DA:11,0
DA:12,0
DA:13,0
DA:14,0
DA:18,0
DA:19,0
DA:20,0
LF:10
LH:0
end_of_record
SF:lib\project_layers\presentaion_layer\payment\data\model\request\payment_request_model_dto.dart
DA:9,0
DA:11,0
DA:12,0
DA:14,0
LF:4
LH:0
end_of_record
SF:lib\project_layers\presentaion_layer\payment\data\model\request\payment_request_model_dto.g.dart
DA:9,0
DA:11,0
DA:12,0
DA:13,0
DA:17,0
DA:19,0
LF:6
LH:0
end_of_record
SF:lib\project_layers\presentaion_layer\payment\data\model\responce\card_pay_responce\card_pay_responce_model_dto.dart
DA:10,0
DA:12,0
DA:13,0
DA:15,0
LF:4
LH:0
end_of_record
SF:lib\project_layers\presentaion_layer\payment\data\model\responce\card_pay_responce\card_pay_responce_model_dto.g.dart
DA:9,0
DA:11,0
DA:12,0
DA:13,0
DA:14,0
DA:18,0
DA:20,0
DA:21,0
DA:22,0
LF:9
LH:0
end_of_record
SF:lib\project_layers\presentaion_layer\payment\data\model\responce\cash_pay_responce\cash_pay_responce_model_dto.dart
DA:11,0
DA:13,0
DA:14,0
DA:16,0
LF:4
LH:0
end_of_record
SF:lib\project_layers\presentaion_layer\payment\data\model\responce\cash_pay_responce\cash_pay_responce_model_dto.g.dart
DA:9,0
DA:11,0
DA:12,0
DA:13,0
DA:16,0
DA:18,0
LF:6
LH:0
end_of_record
SF:lib\core\di\modules\shared_preferences_module.dart
DA:4,1
DA:5,1
DA:8,1
DA:10,2
DA:11,1
DA:13,1
DA:16,0
DA:18,0
DA:22,0
DA:23,0
DA:27,1
DA:31,1
DA:35,0
DA:36,0
DA:40,0
DA:44,0
DA:48,0
DA:49,0
DA:53,0
DA:57,0
DA:61,0
DA:62,0
DA:66,0
DA:70,0
DA:74,0
DA:75,0
DA:79,0
DA:82,0
DA:86,0
DA:87,0
DA:95,0
DA:96,0
LF:32
LH:8
end_of_record
SF:lib\project_layers\domain_layer\entities\category_entity.dart
DA:11,4
LF:1
LH:1
end_of_record
SF:lib\project_layers\api_layer\models\metadata_dto.dart
DA:16,0
DA:23,0
DA:25,0
DA:27,0
DA:28,0
LF:5
LH:0
end_of_record
SF:lib\project_layers\api_layer\models\metadata_dto.g.dart
DA:9,0
DA:10,0
DA:11,0
DA:12,0
DA:13,0
DA:16,0
DA:17,0
DA:18,0
DA:19,0
DA:20,0
DA:21,0
LF:11
LH:0
end_of_record
SF:lib\project_layers\api_layer\models\notification_dto.dart
DA:21,0
DA:30,0
DA:33,0
DA:36,0
DA:37,0
DA:40,0
DA:41,0
DA:42,0
DA:43,0
DA:44,0
LF:10
LH:0
end_of_record
SF:lib\project_layers\api_layer\models\notification_dto.g.dart
DA:9,0
DA:10,0
DA:11,0
DA:12,0
DA:13,0
DA:14,0
DA:15,0
DA:16,0
DA:19,0
DA:20,0
DA:21,0
DA:22,0
DA:23,0
DA:24,0
DA:25,0
DA:26,0
LF:16
LH:0
end_of_record
SF:lib\project_layers\domain_layer\entities\natification_entity.dart
DA:6,0
LF:1
LH:0
end_of_record
SF:lib\project_layers\api_layer\models\products_response.dart
DA:12,0
DA:18,0
DA:20,0
DA:22,0
DA:23,0
DA:33,0
DA:40,0
DA:42,0
DA:44,0
DA:45,0
DA:71,0
DA:92,0
DA:94,0
DA:96,0
DA:97,0
DA:98,0
DA:100,0
DA:101,0
DA:102,0
DA:103,0
DA:104,0
DA:105,0
DA:106,0
DA:107,0
DA:108,0
DA:109,0
DA:110,0
DA:111,0
DA:112,0
DA:113,0
DA:114,0
DA:115,0
DA:116,0
DA:117,0
LF:34
LH:0
end_of_record
SF:lib\project_layers\api_layer\models\products_response.g.dart
DA:9,0
DA:10,0
DA:11,0
DA:12,0
DA:14,0
DA:15,0
DA:16,0
DA:17,0
DA:20,0
DA:21,0
DA:22,0
DA:23,0
DA:24,0
DA:27,0
DA:28,0
DA:29,0
DA:30,0
DA:31,0
DA:34,0
DA:35,0
DA:36,0
DA:37,0
DA:38,0
DA:39,0
DA:42,0
DA:43,0
DA:44,0
DA:45,0
DA:46,0
DA:47,0
DA:48,0
DA:49,0
DA:50,0
DA:51,0
DA:52,0
DA:53,0
DA:54,0
DA:55,0
DA:56,0
DA:57,0
DA:58,0
DA:59,0
DA:60,0
DA:63,0
DA:64,0
DA:65,0
DA:66,0
DA:67,0
DA:68,0
DA:69,0
DA:70,0
DA:71,0
DA:72,0
DA:73,0
DA:74,0
DA:75,0
DA:76,0
DA:77,0
DA:78,0
DA:79,0
DA:80,0
DA:81,0
DA:82,0
LF:63
LH:0
end_of_record
SF:lib\project_layers\domain_layer\entities\product_entity.dart
DA:21,3
LF:1
LH:1
end_of_record
SF:lib\project_layers\domain_layer\entities\request\add_address_request_entity.dart
DA:8,0
LF:1
LH:0
end_of_record
SF:lib\project_layers\domain_layer\entities\request\UpdateProfileRequestEntity.dart
DA:2,0
LF:1
LH:0
end_of_record
SF:lib\project_layers\domain_layer\entities\address_response_entity.dart
DA:6,0
DA:22,0
LF:2
LH:0
end_of_record
SF:lib\project_layers\domain_layer\entities\best_seller_response_entity.dart
DA:2,0
DA:8,0
DA:48,0
DA:49,0
DA:50,0
DA:51,0
DA:52,0
DA:53,0
DA:54,0
DA:55,0
DA:56,0
DA:57,0
DA:58,0
DA:59,0
DA:60,0
DA:61,0
DA:62,0
DA:63,0
DA:64,0
DA:65,0
DA:66,0
DA:67,0
LF:22
LH:0
end_of_record
SF:lib\project_layers\domain_layer\entities\cart_response_entity.dart
DA:7,0
DA:13,0
DA:18,0
DA:19,0
DA:20,0
DA:21,0
DA:36,0
DA:47,0
DA:56,0
DA:57,0
DA:58,0
DA:59,0
DA:60,0
DA:61,0
DA:62,0
DA:63,0
DA:75,0
DA:82,0
DA:88,0
DA:89,0
DA:90,0
DA:91,0
DA:92,0
LF:23
LH:0
end_of_record
SF:lib\project_layers\domain_layer\entities\category_response_entity.dart
DA:2,0
DA:9,0
DA:30,0
LF:3
LH:0
end_of_record
SF:lib\project_layers\domain_layer\entities\change_password_entity.dart
DA:5,0
LF:1
LH:0
end_of_record
SF:lib\project_layers\domain_layer\entities\forget_password_response_entity.dart
DA:5,0
LF:1
LH:0
end_of_record
SF:lib\project_layers\domain_layer\entities\get_logged_user_entity.dart
DA:12,0
LF:1
LH:0
end_of_record
SF:lib\project_layers\domain_layer\entities\occasion_response_entity.dart
DA:2,0
DA:10,0
LF:2
LH:0
end_of_record
SF:lib\project_layers\domain_layer\entities\reset_password_response_entity.dart
DA:5,0
LF:1
LH:0
end_of_record
SF:lib\project_layers\domain_layer\entities\sign_up_entity.dart
DA:10,3
LF:1
LH:1
end_of_record
SF:lib\project_layers\domain_layer\entities\update_photo_response_entity.dart
DA:2,0
DA:4,0
DA:5,0
DA:9,0
DA:10,0
DA:11,0
LF:6
LH:0
end_of_record
SF:lib\project_layers\domain_layer\entities\UpdateProfileResponseEntity.dart
DA:4,0
LF:1
LH:0
end_of_record
SF:lib\project_layers\domain_layer\entities\verify_reset_code_entity.dart
DA:4,0
LF:1
LH:0
end_of_record
SF:lib\project_layers\presentaion_layer\checkout\data\model\get_user_addreses_respone\address.dart
DA:13,0
DA:23,0
DA:24,0
DA:25,0
DA:26,0
DA:27,0
DA:28,0
DA:29,0
DA:30,0
DA:33,0
DA:34,0
DA:35,0
DA:36,0
DA:37,0
DA:38,0
DA:39,0
DA:40,0
DA:43,0
DA:44,0
DA:45,0
DA:46,0
DA:47,0
DA:48,0
DA:49,0
DA:50,0
LF:25
LH:0
end_of_record
SF:lib\project_layers\presentaion_layer\checkout\domin\entities\address.dart
DA:10,0
LF:1
LH:0
end_of_record
SF:lib\project_layers\presentaion_layer\payment\data\model\request\shipping_address_model_dto.dart
DA:12,0
DA:20,0
DA:21,0
DA:23,0
LF:4
LH:0
end_of_record
SF:lib\project_layers\presentaion_layer\payment\data\model\request\shipping_address_model_dto.g.dart
DA:9,0
DA:11,0
DA:12,0
DA:13,0
DA:14,0
DA:15,0
DA:16,0
DA:19,0
DA:21,0
DA:22,0
DA:23,0
DA:24,0
DA:25,0
DA:26,0
LF:14
LH:0
end_of_record
SF:lib\project_layers\presentaion_layer\payment\data\model\responce\card_pay_responce\session_pay_responce_dto.dart
DA:24,0
DA:40,0
DA:41,0
DA:43,0
DA:45,0
DA:46,0
DA:47,0
DA:48,0
DA:49,0
DA:50,0
DA:51,0
DA:52,0
LF:12
LH:0
end_of_record
SF:lib\project_layers\presentaion_layer\payment\data\model\responce\card_pay_responce\session_pay_responce_dto.g.dart
DA:9,0
DA:11,0
DA:12,0
DA:13,0
DA:14,0
DA:15,0
DA:16,0
DA:17,0
DA:18,0
DA:19,0
DA:20,0
DA:21,0
DA:22,0
DA:24,0
DA:25,0
DA:27,0
DA:28,0
DA:31,0
DA:33,0
DA:34,0
DA:35,0
DA:36,0
DA:37,0
DA:38,0
DA:39,0
DA:40,0
DA:41,0
DA:42,0
DA:43,0
DA:44,0
DA:45,0
DA:46,0
LF:32
LH:0
end_of_record
SF:lib\project_layers\presentaion_layer\payment\data\model\responce\card_pay_responce\customer_details_model_dto.dart
DA:12,0
DA:14,0
DA:15,0
DA:17,0
LF:4
LH:0
end_of_record
SF:lib\project_layers\presentaion_layer\payment\data\model\responce\card_pay_responce\customer_details_model_dto.g.dart
DA:9,0
DA:11,0
DA:12,0
DA:13,0
DA:14,0
DA:15,0
DA:18,0
DA:20,0
DA:21,0
DA:22,0
DA:23,0
DA:24,0
LF:12
LH:0
end_of_record
SF:lib\project_layers\presentaion_layer\payment\domain\entities\payment_card_entity.dart
DA:9,0
LF:1
LH:0
end_of_record
SF:lib\project_layers\presentaion_layer\payment\data\model\responce\cash_pay_responce\order_pay_model_dto.dart
DA:23,0
DA:38,0
DA:39,0
DA:41,0
DA:43,0
DA:44,0
DA:45,0
DA:46,0
DA:47,0
DA:48,0
DA:49,0
DA:50,0
LF:12
LH:0
end_of_record
SF:lib\project_layers\presentaion_layer\payment\data\model\responce\cash_pay_responce\order_pay_model_dto.g.dart
DA:9,0
DA:10,0
DA:11,0
DA:12,0
DA:13,0
DA:14,0
DA:15,0
DA:16,0
DA:17,0
DA:18,0
DA:19,0
DA:20,0
DA:21,0
DA:23,0
DA:24,0
DA:26,0
DA:27,0
DA:28,0
DA:31,0
DA:32,0
DA:33,0
DA:34,0
DA:35,0
DA:36,0
DA:37,0
DA:38,0
DA:39,0
DA:40,0
DA:41,0
DA:42,0
DA:43,0
DA:44,0
LF:32
LH:0
end_of_record
SF:lib\project_layers\presentaion_layer\payment\data\model\responce\cash_pay_responce\order_item_pay_model_dto.dart
DA:14,0
DA:21,0
DA:22,0
DA:24,0
LF:4
LH:0
end_of_record
SF:lib\project_layers\presentaion_layer\payment\data\model\responce\cash_pay_responce\order_item_pay_model_dto.g.dart
DA:9,0
DA:10,0
DA:11,0
DA:13,0
DA:14,0
DA:15,0
DA:18,0
DA:19,0
DA:20,0
DA:21,0
DA:22,0
DA:23,0
LF:12
LH:0
end_of_record
SF:lib\project_layers\presentaion_layer\payment\data\model\responce\cash_pay_responce\product_pay_model_dto.dart
DA:28,0
DA:49,0
DA:50,0
DA:52,0
LF:4
LH:0
end_of_record
SF:lib\project_layers\presentaion_layer\payment\data\model\responce\cash_pay_responce\product_pay_model_dto.g.dart
DA:9,0
DA:10,0
DA:11,0
DA:12,0
DA:13,0
DA:14,0
DA:15,0
DA:16,0
DA:17,0
DA:18,0
DA:19,0
DA:20,0
DA:21,0
DA:22,0
DA:23,0
DA:24,0
DA:25,0
DA:26,0
DA:27,0
DA:28,0
DA:29,0
DA:30,0
DA:33,0
DA:34,0
DA:35,0
DA:36,0
DA:37,0
DA:38,0
DA:39,0
DA:40,0
DA:41,0
DA:42,0
DA:43,0
DA:44,0
DA:45,0
DA:46,0
DA:47,0
DA:48,0
DA:49,0
DA:50,0
DA:51,0
DA:52,0
LF:42
LH:0
end_of_record
SF:lib\project_layers\presentaion_layer\payment\domain\entities\payment_cash_entity.dart
DA:9,0
LF:1
LH:0
end_of_record
SF:lib\project_layers\api_layer\data_source\sign_up_remote_data_source_impl.dart
DA:19,1
DA:20,1
DA:25,1
DA:26,1
DA:27,1
DA:28,0
DA:30,0
DA:33,1
DA:34,0
DA:39,0
DA:40,0
DA:43,1
DA:44,2
DA:46,1
DA:48,1
DA:49,1
DA:50,1
DA:53,0
DA:54,0
DA:57,2
LF:20
LH:13
end_of_record
SF:lib\core\api_result\api_result.dart
DA:5,9
DA:11,10
LF:2
LH:2
end_of_record
SF:lib\project_layers\api_layer\data_source\category_remote_data_source_impl.dart
DA:14,1
DA:15,1
DA:20,2
DA:21,1
DA:22,1
DA:23,3
DA:24,1
DA:27,1
DA:28,0
DA:30,0
DA:32,0
DA:33,0
DA:34,0
DA:37,0
DA:38,0
DA:41,1
DA:42,1
LF:17
LH:10
end_of_record
SF:lib\project_layers\data_layer\repos_impl\login_repo_impl.dart
DA:14,1
DA:16,1
DA:21,2
DA:22,1
DA:23,1
DA:24,1
DA:26,3
LF:7
LH:7
end_of_record
SF:lib\project_layers\data_layer\repos_impl\sign_up_repo_impl.dart
DA:12,1
DA:13,1
DA:17,2
LF:3
LH:3
end_of_record
SF:lib\project_layers\data_layer\repos_impl\category_repo_impl.dart
DA:11,1
DA:12,1
DA:15,2
LF:3
LH:3
end_of_record
SF:lib\project_layers\data_layer\repos_impl\product_repo_impl.dart
DA:12,1
DA:13,1
DA:17,2
LF:3
LH:3
end_of_record
SF:lib\project_layers\domain_layer\entities\product_filter.dart
DA:6,3
LF:1
LH:1
end_of_record
SF:lib\project_layers\domain_layer\use_cases\category_use_case.dart
DA:10,1
DA:12,1
DA:13,2
LF:3
LH:3
end_of_record
SF:lib\project_layers\domain_layer\use_cases\login_usecase.dart
DA:12,1
DA:14,1
DA:17,2
LF:3
LH:3
end_of_record
SF:lib\project_layers\domain_layer\use_cases\product_use_case.dart
DA:10,1
DA:12,1
DA:15,2
LF:3
LH:3
end_of_record
SF:lib\project_layers\domain_layer\use_cases\sign_up_use_case.dart
DA:11,1
DA:13,1
DA:14,2
LF:3
LH:3
end_of_record
SF:lib\project_layers\presentaion_layer\home\Tabs\category_tab\cubit\category_state.dart
DA:12,1
DA:18,1
DA:26,1
DA:32,1
LF:4
LH:4
end_of_record
SF:lib\project_layers\presentaion_layer\home\Tabs\category_tab\cubit\category_cubit.dart
DA:17,1
DA:18,2
DA:24,1
DA:25,1
DA:26,1
DA:27,4
DA:29,3
DA:30,2
DA:31,0
DA:32,0
DA:35,1
DA:36,1
DA:37,1
DA:38,1
DA:45,1
DA:46,1
DA:47,1
DA:48,3
DA:49,2
DA:50,2
DA:51,0
DA:52,0
DA:55,1
DA:56,1
DA:57,1
DA:58,1
DA:65,1
DA:66,2
DA:69,2
DA:72,1
DA:73,2
DA:74,3
DA:75,2
DA:76,1
DA:77,1
DA:78,3
DA:79,1
DA:83,1
DA:84,3
DA:88,1
DA:90,2
DA:92,2
DA:95,1
DA:96,3
DA:97,1
DA:98,3
DA:100,1
LF:47
LH:43
end_of_record
SF:lib\project_layers\presentaion_layer\auth\sign_up\cubit\sign_up_cubit.dart
DA:12,1
DA:13,2
DA:32,0
DA:33,0
DA:34,0
DA:37,1
DA:38,2
DA:39,2
DA:40,1
DA:41,2
DA:42,2
DA:43,2
DA:44,2
DA:45,2
DA:46,2
DA:47,1
DA:52,1
DA:53,3
DA:56,1
DA:57,3
LF:20
LH:17
end_of_record
SF:lib\project_layers\presentaion_layer\auth\sign_up\cubit\sign_up_state.dart
DA:12,1
DA:18,1
DA:24,0
LF:3
LH:2
end_of_record
